# JRE version: OpenJDK Runtime Environment (8.0_152-b01) (build 1.8.0_152-release-915-b01)
# Java VM: OpenJDK 64-Bit Server VM (25.152-b01 mixed mode windows-amd64 compressed oops)
Heap:
 PSYoungGen      total 380928K, used 98536K [0x00000000e0000000, 0x00000000fc500000, 0x0000000100000000)
  eden space 320000K, 24% used [0x00000000e0000000,0x00000000e4c701d8,0x00000000f3880000)
  from space 60928K, 33% used [0x00000000f7980000,0x00000000f8d4a0b0,0x00000000fb500000)
  to   space 66560K, 0% used [0x00000000f3880000,0x00000000f3880000,0x00000000f7980000)
 ParOldGen       total 200704K, used 71245K [0x00000000a0000000, 0x00000000ac400000, 0x00000000e0000000)
  object space 200704K, 35% used [0x00000000a0000000,0x00000000a4593790,0x00000000ac400000)
 Metaspace       used 100944K, capacity 106610K, committed 107212K, reserved 1142784K
  class space    used 12582K, capacity 13875K, committed 14028K, reserved 1048576K
GC Heap History (10 events):
Event: 2700.656 GC heap before
{Heap before GC invocations=40 (full 4):
 PSYoungGen      total 304640K, used 260926K [0x00000000e0000000, 0x00000000f8780000, 0x0000000100000000)
  eden space 241664K, 100% used [0x00000000e0000000,0x00000000eec00000,0x00000000eec00000)
  from space 62976K, 30% used [0x00000000eec00000,0x00000000efecf9c0,0x00000000f2980000)
  to   space 61440K, 0% used [0x00000000f4b80000,0x00000000f4b80000,0x00000000f8780000)
 ParOldGen       total 200704K, used 56628K [0x00000000a0000000, 0x00000000ac400000, 0x00000000e0000000)
  object space 200704K, 28% used [0x00000000a0000000,0x00000000a374d348,0x00000000ac400000)
 Metaspace       used 100897K, capacity 106546K, committed 107212K, reserved 1142784K
  class space    used 12581K, capacity 13875K, committed 14028K, reserved 1048576K
Event: 2700.776 GC heap after
Heap after GC invocations=40 (full 4):
 PSYoungGen      total 335360K, used 23419K [0x00000000e0000000, 0x00000000f8300000, 0x0000000100000000)
  eden space 278528K, 0% used [0x00000000e0000000,0x00000000e0000000,0x00000000f1000000)
  from space 56832K, 41% used [0x00000000f4b80000,0x00000000f625eda8,0x00000000f8300000)
  to   space 58880K, 0% used [0x00000000f1000000,0x00000000f1000000,0x00000000f4980000)
 ParOldGen       total 200704K, used 56636K [0x00000000a0000000, 0x00000000ac400000, 0x00000000e0000000)
  object space 200704K, 28% used [0x00000000a0000000,0x00000000a374f348,0x00000000ac400000)
 Metaspace       used 100897K, capacity 106546K, committed 107212K, reserved 1142784K
  class space    used 12581K, capacity 13875K, committed 14028K, reserved 1048576K
}
Event: 2706.023 GC heap before
{Heap before GC invocations=41 (full 4):
 PSYoungGen      total 335360K, used 301947K [0x00000000e0000000, 0x00000000f8300000, 0x0000000100000000)
  eden space 278528K, 100% used [0x00000000e0000000,0x00000000f1000000,0x00000000f1000000)
  from space 56832K, 41% used [0x00000000f4b80000,0x00000000f625eda8,0x00000000f8300000)
  to   space 58880K, 0% used [0x00000000f1000000,0x00000000f1000000,0x00000000f4980000)
 ParOldGen       total 200704K, used 56638K [0x00000000a0000000, 0x00000000ac400000, 0x00000000e0000000)
  object space 200704K, 28% used [0x00000000a0000000,0x00000000a374fa38,0x00000000ac400000)
 Metaspace       used 100916K, capacity 106610K, committed 107212K, reserved 1142784K
  class space    used 12581K, capacity 13875K, committed 14028K, reserved 1048576K
Event: 2706.263 GC heap after
Heap after GC invocations=41 (full 4):
 PSYoungGen      total 337408K, used 40910K [0x00000000e0000000, 0x00000000fb500000, 0x0000000100000000)
  eden space 278528K, 0% used [0x00000000e0000000,0x00000000e0000000,0x00000000f1000000)
  from space 58880K, 69% used [0x00000000f1000000,0x00000000f37f3808,0x00000000f4980000)
  to   space 60928K, 0% used [0x00000000f7980000,0x00000000f7980000,0x00000000fb500000)
 ParOldGen       total 200704K, used 56646K [0x00000000a0000000, 0x00000000ac400000, 0x00000000e0000000)
  object space 200704K, 28% used [0x00000000a0000000,0x00000000a3751a38,0x00000000ac400000)
 Metaspace       used 100916K, capacity 106610K, committed 107212K, reserved 1142784K
  class space    used 12581K, capacity 13875K, committed 14028K, reserved 1048576K
}
Event: 2711.535 GC heap before
{Heap before GC invocations=42 (full 4):
 PSYoungGen      total 337408K, used 319438K [0x00000000e0000000, 0x00000000fb500000, 0x0000000100000000)
  eden space 278528K, 100% used [0x00000000e0000000,0x00000000f1000000,0x00000000f1000000)
  from space 58880K, 69% used [0x00000000f1000000,0x00000000f37f3808,0x00000000f4980000)
  to   space 60928K, 0% used [0x00000000f7980000,0x00000000f7980000,0x00000000fb500000)
 ParOldGen       total 200704K, used 56646K [0x00000000a0000000, 0x00000000ac400000, 0x00000000e0000000)
  object space 200704K, 28% used [0x00000000a0000000,0x00000000a3751a38,0x00000000ac400000)
 Metaspace       used 100926K, capacity 106610K, committed 107212K, reserved 1142784K
  class space    used 12581K, capacity 13875K, committed 14028K, reserved 1048576K
Event: 2711.892 GC heap after
Heap after GC invocations=42 (full 4):
 PSYoungGen      total 380928K, used 52861K [0x00000000e0000000, 0x00000000fc500000, 0x0000000100000000)
  eden space 320000K, 0% used [0x00000000e0000000,0x00000000e0000000,0x00000000f3880000)
  from space 60928K, 86% used [0x00000000f7980000,0x00000000fad1f7f8,0x00000000fb500000)
  to   space 66560K, 0% used [0x00000000f3880000,0x00000000f3880000,0x00000000f7980000)
 ParOldGen       total 200704K, used 56654K [0x00000000a0000000, 0x00000000ac400000, 0x00000000e0000000)
  object space 200704K, 28% used [0x00000000a0000000,0x00000000a3753a38,0x00000000ac400000)
 Metaspace       used 100926K, capacity 106610K, committed 107212K, reserved 1142784K
  class space    used 12581K, capacity 13875K, committed 14028K, reserved 1048576K
}
Event: 2717.861 GC heap before
{Heap before GC invocations=43 (full 4):
 PSYoungGen      total 380928K, used 372861K [0x00000000e0000000, 0x00000000fc500000, 0x0000000100000000)
  eden space 320000K, 100% used [0x00000000e0000000,0x00000000f3880000,0x00000000f3880000)
  from space 60928K, 86% used [0x00000000f7980000,0x00000000fad1f7f8,0x00000000fb500000)
  to   space 66560K, 0% used [0x00000000f3880000,0x00000000f3880000,0x00000000f7980000)
 ParOldGen       total 200704K, used 56654K [0x00000000a0000000, 0x00000000ac400000, 0x00000000e0000000)
  object space 200704K, 28% used [0x00000000a0000000,0x00000000a3753a38,0x00000000ac400000)
 Metaspace       used 100939K, capacity 106610K, committed 107212K, reserved 1142784K
  class space    used 12582K, capacity 13875K, committed 14028K, reserved 1048576K
Event: 2718.079 GC heap after
Heap after GC invocations=43 (full 4):
 PSYoungGen      total 386560K, used 32667K [0x00000000e0000000, 0x00000000fc500000, 0x0000000100000000)
  eden space 320000K, 0% used [0x00000000e0000000,0x00000000e0000000,0x00000000f3880000)
  from space 66560K, 49% used [0x00000000f3880000,0x00000000f5866da8,0x00000000f7980000)
  to   space 60928K, 0% used [0x00000000f7980000,0x00000000f7980000,0x00000000fb500000)
 ParOldGen       total 200704K, used 56662K [0x00000000a0000000, 0x00000000ac400000, 0x00000000e0000000)
  object space 200704K, 28% used [0x00000000a0000000,0x00000000a3755a38,0x00000000ac400000)
 Metaspace       used 100939K, capacity 106610K, committed 107212K, reserved 1142784K
  class space    used 12582K, capacity 13875K, committed 14028K, reserved 1048576K
}
Event: 2723.313 GC heap before
{Heap before GC invocations=44 (full 4):
 PSYoungGen      total 386560K, used 352667K [0x00000000e0000000, 0x00000000fc500000, 0x0000000100000000)
  eden space 320000K, 100% used [0x00000000e0000000,0x00000000f3880000,0x00000000f3880000)
  from space 66560K, 49% used [0x00000000f3880000,0x00000000f5866da8,0x00000000f7980000)
  to   space 60928K, 0% used [0x00000000f7980000,0x00000000f7980000,0x00000000fb500000)
 ParOldGen       total 200704K, used 56662K [0x00000000a0000000, 0x00000000ac400000, 0x00000000e0000000)
  object space 200704K, 28% used [0x00000000a0000000,0x00000000a3755a38,0x00000000ac400000)
 Metaspace       used 100944K, capacity 106610K, committed 107212K, reserved 1142784K
  class space    used 12582K, capacity 13875K, committed 14028K, reserved 1048576K
Event: 2723.489 GC heap after
Heap after GC invocations=44 (full 4):
 PSYoungGen      total 380928K, used 20264K [0x00000000e0000000, 0x00000000fc500000, 0x0000000100000000)
  eden space 320000K, 0% used [0x00000000e0000000,0x00000000e0000000,0x00000000f3880000)
  from space 60928K, 33% used [0x00000000f7980000,0x00000000f8d4a0b0,0x00000000fb500000)
  to   space 66560K, 0% used [0x00000000f3880000,0x00000000f3880000,0x00000000f7980000)
 ParOldGen       total 200704K, used 71245K [0x00000000a0000000, 0x00000000ac400000, 0x00000000e0000000)
  object space 200704K, 35% used [0x00000000a0000000,0x00000000a4593790,0x00000000ac400000)
 Metaspace       used 100944K, capacity 106610K, committed 107212K, reserved 1142784K
  class space    used 12582K, capacity 13875K, committed 14028K, reserved 1048576K
}

